  serial.cpp
d:\recommendation-system-based-on-mpi-openmp\src\serial.cpp(94): error C2131: 表达式的计算结果不是常数
  d:\recommendation-system-based-on-mpi-openmp\src\serial.cpp(94): note: 因读取超过生命周期的变量而失败
  d:\recommendation-system-based-on-mpi-openmp\src\serial.cpp(94): note: 请参见“sizeOfItems”的用法
d:\recommendation-system-based-on-mpi-openmp\src\serial.cpp(98): error C3863: 不可指定数组类型“double [sizeOfItems]”
d:\recommendation-system-based-on-mpi-openmp\src\serial.cpp(112): error C2131: 表达式的计算结果不是常数
  d:\recommendation-system-based-on-mpi-openmp\src\serial.cpp(112): note: 因读取超过生命周期的变量而失败
  d:\recommendation-system-based-on-mpi-openmp\src\serial.cpp(112): note: 请参见“sizeOfItems”的用法
d:\recommendation-system-based-on-mpi-openmp\src\serial.cpp(122): error C3863: 不可指定数组类型“int [sizeOfItems]”
d:\recommendation-system-based-on-mpi-openmp\src\serial.cpp(127): warning C4552: “<<”: 运算符不起任何作用；应输入带副作用的运算符
d:\recommendation-system-based-on-mpi-openmp\src\serial.cpp(141): error C2131: 表达式的计算结果不是常数
  d:\recommendation-system-based-on-mpi-openmp\src\serial.cpp(141): note: 因读取超过生命周期的变量而失败
  d:\recommendation-system-based-on-mpi-openmp\src\serial.cpp(141): note: 请参见“sizeOfItems”的用法
d:\recommendation-system-based-on-mpi-openmp\src\serial.cpp(142): error C2131: 表达式的计算结果不是常数
  d:\recommendation-system-based-on-mpi-openmp\src\serial.cpp(142): note: 因读取超过生命周期的变量而失败
  d:\recommendation-system-based-on-mpi-openmp\src\serial.cpp(142): note: 请参见“sizeOfItems”的用法
d:\recommendation-system-based-on-mpi-openmp\src\serial.cpp(149): error C3863: 不可指定数组类型“double [sizeOfItems][k]”
d:\recommendation-system-based-on-mpi-openmp\src\serial.cpp(150): error C3863: 不可指定数组类型“int [sizeOfItems][k]”
d:\recommendation-system-based-on-mpi-openmp\src\serial.cpp(167): error C2296: “*”: 非法，左操作数包含“int [sizeOfItems][k]”类型
d:\recommendation-system-based-on-mpi-openmp\src\serial.cpp(200): error C3861: “aoti”: 找不到标识符
d:\recommendation-system-based-on-mpi-openmp\src\serial.cpp(201): error C3861: “aoti”: 找不到标识符
d:\recommendation-system-based-on-mpi-openmp\src\serial.cpp(215): warning C4018: “<”: 有符号/无符号不匹配
d:\recommendation-system-based-on-mpi-openmp\src\serial.cpp(219): warning C4018: “<”: 有符号/无符号不匹配
d:\recommendation-system-based-on-mpi-openmp\src\serial.cpp(222): warning C4018: “<”: 有符号/无符号不匹配
d:\recommendation-system-based-on-mpi-openmp\src\serial.cpp(227): warning C4018: “<”: 有符号/无符号不匹配
d:\recommendation-system-based-on-mpi-openmp\src\serial.cpp(230): warning C4018: “<”: 有符号/无符号不匹配
d:\recommendation-system-based-on-mpi-openmp\src\serial.cpp(235): warning C4018: “<”: 有符号/无符号不匹配
d:\recommendation-system-based-on-mpi-openmp\src\serial.cpp(250): warning C4018: “<”: 有符号/无符号不匹配
d:\recommendation-system-based-on-mpi-openmp\src\serial.cpp(255): warning C4018: “<”: 有符号/无符号不匹配
d:\recommendation-system-based-on-mpi-openmp\src\serial.cpp(260): warning C4018: “<”: 有符号/无符号不匹配
